c:\users\richard\documents\mechcommander2hd\source\mclib\debug\mclib.pch
c:\users\richard\documents\mechcommander2hd\source\mclib\debug\vc120.pdb
c:\users\richard\documents\mechcommander2hd\source\mclib\debug\utilities.obj
c:\users\richard\documents\mechcommander2hd\source\mclib\debug\tgainfo.obj
c:\users\richard\documents\mechcommander2hd\source\mclib\debug\sortlist.obj
c:\users\richard\documents\mechcommander2hd\source\mclib\debug\scale.obj
c:\users\richard\documents\mechcommander2hd\source\mclib\debug\routines.obj
c:\users\richard\documents\mechcommander2hd\source\mclib\debug\pqueue.obj
c:\users\richard\documents\mechcommander2hd\source\mclib\debug\paths.obj
c:\users\richard\documents\mechcommander2hd\source\mclib\debug\msl.obj
c:\users\richard\documents\mechcommander2hd\source\mclib\debug\mouse.obj
c:\users\richard\documents\mechcommander2hd\source\mclib\debug\mathfunc.obj
c:\users\richard\documents\mechcommander2hd\source\mclib\debug\lzdecomp.obj
c:\users\richard\documents\mechcommander2hd\source\mclib\debug\lzcomp.obj
c:\users\richard\documents\mechcommander2hd\source\mclib\debug\heap.obj
c:\users\richard\documents\mechcommander2hd\source\mclib\debug\floathelp.obj
c:\users\richard\documents\mechcommander2hd\source\mclib\debug\err.obj
c:\users\richard\documents\mechcommander2hd\source\mclib\debug\debugging.obj
c:\users\richard\documents\mechcommander2hd\source\mclib\debug\color.obj
c:\users\richard\documents\mechcommander2hd\source\mclib\debug\cmponent.obj
c:\users\richard\documents\mechcommander2hd\source\mclib\debug\cident.obj
c:\users\richard\documents\mechcommander2hd\source\mclib\debug\bitflag.obj
c:\users\richard\documents\mechcommander2hd\source\mclib\debug\alphapalette.obj
c:\users\richard\documents\mechcommander2hd\source\mclib\debug\vfx_map_polygon.obj
c:\users\richard\documents\mechcommander2hd\source\mclib\debug\vfx_ellipse.obj
c:\users\richard\documents\mechcommander2hd\source\mclib\debug\cevfx.obj
c:\users\richard\documents\mechcommander2hd\source\mclib\debug\cepane.obj
c:\users\richard\documents\mechcommander2hd\source\mclib\debug\cellip.obj
c:\users\richard\documents\mechcommander2hd\source\mclib\debug\celine.obj
c:\users\richard\documents\mechcommander2hd\source\mclib\debug\celement.obj
c:\users\richard\documents\mechcommander2hd\source\mclib\debug\packet.obj
c:\users\richard\documents\mechcommander2hd\source\mclib\debug\inifile.obj
c:\users\richard\documents\mechcommander2hd\source\mclib\debug\gamelog.obj
c:\users\richard\documents\mechcommander2hd\source\mclib\debug\file.obj
c:\users\richard\documents\mechcommander2hd\source\mclib\debug\ffile.obj
c:\users\richard\documents\mechcommander2hd\source\mclib\debug\fastfile.obj
c:\users\richard\documents\mechcommander2hd\source\mclib\debug\csvfile.obj
c:\users\richard\documents\mechcommander2hd\source\mclib\debug\weaponfx.obj
c:\users\richard\documents\mechcommander2hd\source\mclib\debug\vport.obj
c:\users\richard\documents\mechcommander2hd\source\mclib\debug\userinput.obj
c:\users\richard\documents\mechcommander2hd\source\mclib\debug\txmmgr.obj
c:\users\richard\documents\mechcommander2hd\source\mclib\debug\timing.obj
c:\users\richard\documents\mechcommander2hd\source\mclib\debug\tgl.obj
c:\users\richard\documents\mechcommander2hd\source\mclib\debug\mapdata.obj
c:\users\richard\documents\mechcommander2hd\source\mclib\debug\crater.obj
c:\users\richard\documents\mechcommander2hd\source\mclib\debug\clouds.obj
c:\users\richard\documents\mechcommander2hd\source\mclib\debug\camera.obj
c:\users\richard\documents\mechcommander2hd\source\mclib\debug\ablxstmt.obj
c:\users\richard\documents\mechcommander2hd\source\mclib\debug\ablxstd.obj
c:\users\richard\documents\mechcommander2hd\source\mclib\debug\ablxexpr.obj
c:\users\richard\documents\mechcommander2hd\source\mclib\debug\ablsymt.obj
c:\users\richard\documents\mechcommander2hd\source\mclib\debug\ablstmt.obj
c:\users\richard\documents\mechcommander2hd\source\mclib\debug\ablstd.obj
c:\users\richard\documents\mechcommander2hd\source\mclib\debug\ablscan.obj
c:\users\richard\documents\mechcommander2hd\source\mclib\debug\ablrtn.obj
c:\users\richard\documents\mechcommander2hd\source\mclib\debug\ablexpr.obj
c:\users\richard\documents\mechcommander2hd\source\mclib\debug\ablexec.obj
c:\users\richard\documents\mechcommander2hd\source\mclib\debug\ablenv.obj
c:\users\richard\documents\mechcommander2hd\source\mclib\debug\abldecl.obj
c:\users\richard\documents\mechcommander2hd\source\mclib\debug\abldbug.obj
c:\users\richard\documents\mechcommander2hd\source\mclib\debug\vfxtile.obj
c:\users\richard\documents\mechcommander2hd\source\mclib\debug\vfx_translatedraw.obj
c:\users\richard\documents\mechcommander2hd\source\mclib\debug\vfx_transform.obj
c:\users\richard\documents\mechcommander2hd\source\mclib\debug\tacmap.obj
c:\users\richard\documents\mechcommander2hd\source\mclib\debug\ewcharstring.obj
c:\users\richard\documents\mechcommander2hd\source\mclib\debug\estring.obj
c:\users\richard\documents\mechcommander2hd\source\mclib\debug\echarstring.obj
c:\users\richard\documents\mechcommander2hd\source\mclib\debug\move.obj
c:\users\richard\documents\mechcommander2hd\source\mclib\debug\soundsys.obj
c:\users\richard\documents\mechcommander2hd\source\mclib\debug\mech3d.obj
c:\users\richard\documents\mechcommander2hd\source\mclib\debug\gvactor.obj
c:\users\richard\documents\mechcommander2hd\source\mclib\debug\genactor.obj
c:\users\richard\documents\mechcommander2hd\source\mclib\debug\bdactor.obj
c:\users\richard\documents\mechcommander2hd\source\mclib\debug\apprtype.obj
c:\users\richard\documents\mechcommander2hd\source\mclib\debug\appear.obj
c:\users\richard\documents\mechcommander2hd\source\mclib\debug\txmconv.obj
c:\users\richard\documents\mechcommander2hd\source\mclib\debug\terrtxm2.obj
c:\users\richard\documents\mechcommander2hd\source\mclib\debug\terrtxm.obj
c:\users\richard\documents\mechcommander2hd\source\mclib\debug\terrain.obj
c:\users\richard\documents\mechcommander2hd\source\mclib\debug\quad.obj
c:\users\richard\documents\mechcommander2hd\source\mclib\debug\ablerr.obj
c:\users\richard\documents\mechcommander2hd\source\mclib\debug\mclib.lib
c:\users\richard\documents\mechcommander2hd\source\mclib\debug\microsoft.xna.arm.tli
c:\users\richard\documents\mechcommander2hd\source\mclib\debug\microsoft.xna.arm.tlh
c:\users\richard\documents\mechcommander2hd\source\mclib\.\debug\mclib.lib
c:\users\richard\documents\mechcommander2hd\source\mclib\debug\mclib.tlog\cl.command.1.tlog
c:\users\richard\documents\mechcommander2hd\source\mclib\debug\mclib.tlog\cl.read.1.tlog
c:\users\richard\documents\mechcommander2hd\source\mclib\debug\mclib.tlog\cl.write.1.tlog
c:\users\richard\documents\mechcommander2hd\source\mclib\debug\mclib.tlog\lib-link.read.1.tlog
c:\users\richard\documents\mechcommander2hd\source\mclib\debug\mclib.tlog\lib-link.write.1.tlog
c:\users\richard\documents\mechcommander2hd\source\mclib\debug\mclib.tlog\lib.command.1.tlog
