c:\users\richard\documents\mechcommander2hd\source\viewer\debug\vc120.pdb
c:\users\richard\documents\mechcommander2hd\source\viewer\debug\view.obj
c:\users\richard\documents\mechcommander2hd\source\viewer\debug\simplecomponentlistbox.obj
c:\users\richard\documents\mechcommander2hd\source\viewer\debug\simplecamera.obj
c:\users\richard\documents\mechcommander2hd\source\viewer\debug\radio.obj
c:\users\richard\documents\mechcommander2hd\source\viewer\debug\prefs.obj
c:\users\richard\documents\mechcommander2hd\source\viewer\debug\mission2.obj
c:\users\richard\documents\mechcommander2hd\source\viewer\debug\mechlopedia.obj
c:\users\richard\documents\mechcommander2hd\source\viewer\debug\logisticsvariant.obj
c:\users\richard\documents\mechcommander2hd\source\viewer\debug\logisticspilot.obj
c:\users\richard\documents\mechcommander2hd\source\viewer\debug\logisticsmissioninfo.obj
c:\users\richard\documents\mechcommander2hd\source\viewer\debug\logisticsmech.obj
c:\users\richard\documents\mechcommander2hd\source\viewer\debug\logisticsdata.obj
c:\users\richard\documents\mechcommander2hd\source\viewer\debug\logisticscomponent.obj
c:\users\richard\documents\mechcommander2hd\source\viewer\debug\gamesound.obj
c:\users\richard\documents\mechcommander2hd\source\viewer\debug\aanimobject.obj
c:\users\richard\documents\mechcommander2hd\source\viewer\debug\viewdbg.exe
c:\users\richard\documents\mechcommander2hd\source\viewer\debug\viewdbg.pdb
c:\users\richard\documents\mechcommander2hd\source\viewer\debug\script1.res
c:\users\richard\documents\mechcommander2hd\source\viewer\debug\viewer.tlog\cl.command.1.tlog
c:\users\richard\documents\mechcommander2hd\source\viewer\debug\viewer.tlog\cl.read.1.tlog
c:\users\richard\documents\mechcommander2hd\source\viewer\debug\viewer.tlog\cl.write.1.tlog
c:\users\richard\documents\mechcommander2hd\source\viewer\debug\viewer.tlog\link.command.1.tlog
c:\users\richard\documents\mechcommander2hd\source\viewer\debug\viewer.tlog\link.read.1.tlog
c:\users\richard\documents\mechcommander2hd\source\viewer\debug\viewer.tlog\link.write.1.tlog
c:\users\richard\documents\mechcommander2hd\source\viewer\debug\viewer.tlog\rc.command.1.tlog
c:\users\richard\documents\mechcommander2hd\source\viewer\debug\viewer.tlog\rc.read.1.tlog
c:\users\richard\documents\mechcommander2hd\source\viewer\debug\viewer.tlog\rc.write.1.tlog
