e:\program files\mechcommander2 source\source\release\vc120.pdb
e:\program files\mechcommander2 source\source\release\team.obj
e:\program files\mechcommander2 source\source\release\tacordr.obj
e:\program files\mechcommander2 source\source\release\objtype.obj
e:\program files\mechcommander2 source\source\release\objmgr.obj
e:\program files\mechcommander2 source\source\release\mover.obj
e:\program files\mechcommander2 source\source\release\mech.obj
e:\program files\mechcommander2 source\source\release\light.obj
e:\program files\mechcommander2 source\source\release\gvehicl.obj
e:\program files\mechcommander2 source\source\release\group.obj
e:\program files\mechcommander2 source\source\release\goal.obj
e:\program files\mechcommander2 source\source\release\gate.obj
e:\program files\mechcommander2 source\source\release\gameobj.obj
e:\program files\mechcommander2 source\source\release\contact.obj
e:\program files\mechcommander2 source\source\release\comndr.obj
e:\program files\mechcommander2 source\source\release\collsn.obj
e:\program files\mechcommander2 source\source\release\carnage.obj
e:\program files\mechcommander2 source\source\release\bldng.obj
e:\program files\mechcommander2 source\source\release\artlry.obj
e:\program files\mechcommander2 source\source\release\mechcmd2.obj
e:\program files\mechcommander2 source\source\release\dw.obj
e:\program files\mechcommander2 source\source\release\asystem.obj
e:\program files\mechcommander2 source\source\release\ascroll.obj
e:\program files\mechcommander2 source\source\release\alistbox.obj
e:\program files\mechcommander2 source\source\release\afont.obj
e:\program files\mechcommander2 source\source\release\aedit.obj
e:\program files\mechcommander2 source\source\release\abutton.obj
e:\program files\mechcommander2 source\source\release\aanimobject.obj
e:\program files\mechcommander2 source\source\release\aanim.obj
e:\program files\mechcommander2 source\source\release\weather.obj
e:\program files\mechcommander2 source\source\release\trigger.obj
e:\program files\mechcommander2 source\source\release\saveload.obj
e:\program files\mechcommander2 source\source\release\objective.obj
e:\program files\mechcommander2 source\source\release\mission2.obj
e:\program files\mechcommander2 source\source\release\mission.obj
e:\program files\mechcommander2 source\source\release\gamecam.obj
e:\program files\mechcommander2 source\source\release\ablmc2.obj
e:\program files\mechcommander2 source\source\release\weaponbolt.obj
e:\program files\mechcommander2 source\source\release\warrior.obj
e:\program files\mechcommander2 source\source\release\turret.obj
e:\program files\mechcommander2 source\source\release\terrobj.obj
e:\program files\mechcommander2 source\source\release\componentlistbox.obj
e:\program files\mechcommander2 source\source\release\simplecamera.obj
e:\program files\mechcommander2 source\source\release\prefs.obj
e:\program files\mechcommander2 source\source\release\pausewindow.obj
e:\program files\mechcommander2 source\source\release\optionsscreenwrapper.obj
e:\program files\mechcommander2 source\source\release\optionsarea.obj
e:\program files\mechcommander2 source\source\release\mpsetuparea.obj
e:\program files\mechcommander2 source\source\release\mpparameterscreen.obj
e:\program files\mechcommander2 source\source\release\mploadmap.obj
e:\program files\mechcommander2 source\source\release\mphostgame.obj
e:\program files\mechcommander2 source\source\release\mpgamebrowser.obj
e:\program files\mechcommander2 source\source\release\mpconnectiontype.obj
e:\program files\mechcommander2 source\source\release\missiongui.obj
e:\program files\mechcommander2 source\source\release\mechicon.obj
e:\program files\mechcommander2 source\source\release\keyboardref.obj
e:\program files\mechcommander2 source\source\release\infowindow.obj
e:\program files\mechcommander2 source\source\release\gametacmap.obj
e:\program files\mechcommander2 source\source\release\forcegroupbar.obj
e:\program files\mechcommander2 source\source\release\controlgui.obj
e:\program files\mechcommander2 source\source\release\attributemeter.obj
e:\program files\mechcommander2 source\source\release\missionbegin.obj
e:\program files\mechcommander2 source\source\release\mechpurchasescreen.obj
e:\program files\mechcommander2 source\source\release\mechlopedia.obj
e:\program files\mechcommander2 source\source\release\mechlistbox.obj
e:\program files\mechcommander2 source\source\release\mechlabscreen.obj
e:\program files\mechcommander2 source\source\release\mechbayscreen.obj
e:\program files\mechcommander2 source\source\release\mainmenu.obj
e:\program files\mechcommander2 source\source\release\logisticsvariant.obj
e:\program files\mechcommander2 source\source\release\logisticsscreen.obj
e:\program files\mechcommander2 source\source\release\logisticspilotlistbox.obj
e:\program files\mechcommander2 source\source\release\logisticspilot.obj
e:\program files\mechcommander2 source\source\release\logisticsmissioninfo.obj
e:\program files\mechcommander2 source\source\release\logisticsmechicon.obj
e:\program files\mechcommander2 source\source\release\logisticsmechdisplay.obj
e:\program files\mechcommander2 source\source\release\logisticsmech.obj
e:\program files\mechcommander2 source\source\release\logisticsdialog.obj
e:\program files\mechcommander2 source\source\release\logisticsdata.obj
e:\program files\mechcommander2 source\source\release\logisticscomponent.obj
e:\program files\mechcommander2 source\source\release\logistics.obj
e:\program files\mechcommander2 source\source\release\loadscreen.obj
e:\program files\mechcommander2 source\source\release\mc2movie.obj
e:\program files\mechcommander2 source\source\release\multplyr.obj
e:\program files\mechcommander2 source\source\release\mpstats.obj
e:\program files\mechcommander2 source\source\release\chatwindow.obj
e:\program files\mechcommander2 source\source\release\movemgr.obj
e:\program files\mechcommander2 source\source\release\radio.obj
e:\program files\mechcommander2 source\source\release\gamesound.obj
e:\program files\mechcommander2 source\source\release\simplecomponentlistbox.obj
e:\program files\mechcommander2 source\source\release\salvagemecharea.obj
e:\program files\mechcommander2 source\source\release\pilotreviewarea.obj
e:\program files\mechcommander2 source\source\release\pilotreadyscreen.obj
e:\program files\mechcommander2 source\source\release\mpprefs.obj
e:\program files\mechcommander2 source\source\release\missionselectionscreen.obj
e:\program files\mechcommander2 source\source\release\missionresults.obj
e:\program files\mechcommander2 source\source\release\missionbriefingscreen.obj
e:\program files\mechcommander2 source\source\release\mc2rel.exe
e:\program files\mechcommander2 source\source\release\mechcmd2.exe.intermediate.manifest
e:\program files\mechcommander2 source\source\release\mc2rel.pdb
e:\program files\mechcommander2 source\source\release\mechcmd2.exe.manifest
e:\program files\mechcommander2 source\source\release\script1.res
c:\users\richard\documents\mechcommander2hd\source\release\aanim.obj
c:\users\richard\documents\mechcommander2hd\source\release\aanimobject.obj
c:\users\richard\documents\mechcommander2hd\source\release\ablmc2.obj
c:\users\richard\documents\mechcommander2hd\source\release\abutton.obj
c:\users\richard\documents\mechcommander2hd\source\release\aedit.obj
c:\users\richard\documents\mechcommander2hd\source\release\afont.obj
c:\users\richard\documents\mechcommander2hd\source\release\alistbox.obj
c:\users\richard\documents\mechcommander2hd\source\release\artlry.obj
c:\users\richard\documents\mechcommander2hd\source\release\ascroll.obj
c:\users\richard\documents\mechcommander2hd\source\release\asystem.obj
c:\users\richard\documents\mechcommander2hd\source\release\attributemeter.obj
c:\users\richard\documents\mechcommander2hd\source\release\bldng.obj
c:\users\richard\documents\mechcommander2hd\source\release\carnage.obj
c:\users\richard\documents\mechcommander2hd\source\release\chatwindow.obj
c:\users\richard\documents\mechcommander2hd\source\release\collsn.obj
c:\users\richard\documents\mechcommander2hd\source\release\comndr.obj
c:\users\richard\documents\mechcommander2hd\source\release\componentlistbox.obj
c:\users\richard\documents\mechcommander2hd\source\release\contact.obj
c:\users\richard\documents\mechcommander2hd\source\release\controlgui.obj
c:\users\richard\documents\mechcommander2hd\source\release\dw.obj
c:\users\richard\documents\mechcommander2hd\source\release\forcegroupbar.obj
c:\users\richard\documents\mechcommander2hd\source\release\gamecam.obj
c:\users\richard\documents\mechcommander2hd\source\release\gameobj.obj
c:\users\richard\documents\mechcommander2hd\source\release\gamesound.obj
c:\users\richard\documents\mechcommander2hd\source\release\gametacmap.obj
c:\users\richard\documents\mechcommander2hd\source\release\gate.obj
c:\users\richard\documents\mechcommander2hd\source\release\goal.obj
c:\users\richard\documents\mechcommander2hd\source\release\group.obj
c:\users\richard\documents\mechcommander2hd\source\release\gvehicl.obj
c:\users\richard\documents\mechcommander2hd\source\release\infowindow.obj
c:\users\richard\documents\mechcommander2hd\source\release\keyboardref.obj
c:\users\richard\documents\mechcommander2hd\source\release\light.obj
c:\users\richard\documents\mechcommander2hd\source\release\loadscreen.obj
c:\users\richard\documents\mechcommander2hd\source\release\logistics.obj
c:\users\richard\documents\mechcommander2hd\source\release\logisticscomponent.obj
c:\users\richard\documents\mechcommander2hd\source\release\logisticsdata.obj
c:\users\richard\documents\mechcommander2hd\source\release\logisticsdialog.obj
c:\users\richard\documents\mechcommander2hd\source\release\logisticsmech.obj
c:\users\richard\documents\mechcommander2hd\source\release\logisticsmechdisplay.obj
c:\users\richard\documents\mechcommander2hd\source\release\logisticsmechicon.obj
c:\users\richard\documents\mechcommander2hd\source\release\logisticsmissioninfo.obj
c:\users\richard\documents\mechcommander2hd\source\release\logisticspilot.obj
c:\users\richard\documents\mechcommander2hd\source\release\logisticspilotlistbox.obj
c:\users\richard\documents\mechcommander2hd\source\release\logisticsscreen.obj
c:\users\richard\documents\mechcommander2hd\source\release\logisticsvariant.obj
c:\users\richard\documents\mechcommander2hd\source\release\mainmenu.obj
c:\users\richard\documents\mechcommander2hd\source\release\mc2movie.obj
c:\users\richard\documents\mechcommander2hd\source\release\mc2res.obj
c:\users\richard\documents\mechcommander2hd\source\release\mech.obj
c:\users\richard\documents\mechcommander2hd\source\release\mechbayscreen.obj
c:\users\richard\documents\mechcommander2hd\source\release\mechcmd2.obj
c:\users\richard\documents\mechcommander2hd\source\release\mechicon.obj
c:\users\richard\documents\mechcommander2hd\source\release\mechlabscreen.obj
c:\users\richard\documents\mechcommander2hd\source\release\mechlistbox.obj
c:\users\richard\documents\mechcommander2hd\source\release\mechlopedia.obj
c:\users\richard\documents\mechcommander2hd\source\release\mechpurchasescreen.obj
c:\users\richard\documents\mechcommander2hd\source\release\mission.obj
c:\users\richard\documents\mechcommander2hd\source\release\mission2.obj
c:\users\richard\documents\mechcommander2hd\source\release\missionbegin.obj
c:\users\richard\documents\mechcommander2hd\source\release\missionbriefingscreen.obj
c:\users\richard\documents\mechcommander2hd\source\release\missiongui.obj
c:\users\richard\documents\mechcommander2hd\source\release\missionresults.obj
c:\users\richard\documents\mechcommander2hd\source\release\missionselectionscreen.obj
c:\users\richard\documents\mechcommander2hd\source\release\movemgr.obj
c:\users\richard\documents\mechcommander2hd\source\release\mover.obj
c:\users\richard\documents\mechcommander2hd\source\release\mpconnectiontype.obj
c:\users\richard\documents\mechcommander2hd\source\release\mpgamebrowser.obj
c:\users\richard\documents\mechcommander2hd\source\release\mphostgame.obj
c:\users\richard\documents\mechcommander2hd\source\release\mploadmap.obj
c:\users\richard\documents\mechcommander2hd\source\release\mpparameterscreen.obj
c:\users\richard\documents\mechcommander2hd\source\release\mpprefs.obj
c:\users\richard\documents\mechcommander2hd\source\release\mpsetuparea.obj
c:\users\richard\documents\mechcommander2hd\source\release\mpstats.obj
c:\users\richard\documents\mechcommander2hd\source\release\multplyr.obj
c:\users\richard\documents\mechcommander2hd\source\release\objective.obj
c:\users\richard\documents\mechcommander2hd\source\release\objmgr.obj
c:\users\richard\documents\mechcommander2hd\source\release\objtype.obj
c:\users\richard\documents\mechcommander2hd\source\release\optionsarea.obj
c:\users\richard\documents\mechcommander2hd\source\release\optionsscreenwrapper.obj
c:\users\richard\documents\mechcommander2hd\source\release\pausewindow.obj
c:\users\richard\documents\mechcommander2hd\source\release\pilotreadyscreen.obj
c:\users\richard\documents\mechcommander2hd\source\release\pilotreviewarea.obj
c:\users\richard\documents\mechcommander2hd\source\release\prefs.obj
c:\users\richard\documents\mechcommander2hd\source\release\radio.obj
c:\users\richard\documents\mechcommander2hd\source\release\salvagemecharea.obj
c:\users\richard\documents\mechcommander2hd\source\release\saveload.obj
c:\users\richard\documents\mechcommander2hd\source\release\simplecamera.obj
c:\users\richard\documents\mechcommander2hd\source\release\simplecomponentlistbox.obj
c:\users\richard\documents\mechcommander2hd\source\release\tacordr.obj
c:\users\richard\documents\mechcommander2hd\source\release\team.obj
c:\users\richard\documents\mechcommander2hd\source\release\terrobj.obj
c:\users\richard\documents\mechcommander2hd\source\release\trigger.obj
c:\users\richard\documents\mechcommander2hd\source\release\turret.obj
c:\users\richard\documents\mechcommander2hd\source\release\warrior.obj
c:\users\richard\documents\mechcommander2hd\source\release\weaponbolt.obj
c:\users\richard\documents\mechcommander2hd\source\release\weather.obj
c:\users\richard\documents\mechcommander2hd\source\release\mechcmd2.exe.intermediate.manifest
c:\users\richard\documents\mechcommander2hd\source\release\mechcmd2.exe.manifest
c:\users\richard\documents\mechcommander2hd\source\release\script1.res
c:\users\richard\documents\mechcommander2hd\source\release\mc2rel.pdb
c:\users\richard\documents\mechcommander2hd\source\release\vc120.pdb
c:\users\richard\documents\mechcommander2hd\source\.\release\mechcmd2.exe.manifest
c:\users\richard\documents\mechcommander2hd\source\.\release\mechcmd2.exe.intermediate.manifest
c:\users\richard\documents\mechcommander2hd\source\release\mechcmd2.tlog\cl.command.1.tlog
c:\users\richard\documents\mechcommander2hd\source\release\mechcmd2.tlog\cl.read.1.tlog
c:\users\richard\documents\mechcommander2hd\source\release\mechcmd2.tlog\cl.write.1.tlog
c:\users\richard\documents\mechcommander2hd\source\release\mechcmd2.tlog\link.command.1.tlog
c:\users\richard\documents\mechcommander2hd\source\release\mechcmd2.tlog\link.read.1.tlog
c:\users\richard\documents\mechcommander2hd\source\release\mechcmd2.tlog\link.write.1.tlog
c:\users\richard\documents\mechcommander2hd\source\release\mechcmd2.tlog\mt.command.1.tlog
c:\users\richard\documents\mechcommander2hd\source\release\mechcmd2.tlog\mt.read.1.tlog
c:\users\richard\documents\mechcommander2hd\source\release\mechcmd2.tlog\mt.write.1.tlog
c:\users\richard\documents\mechcommander2hd\source\release\mechcmd2.tlog\rc.command.1.tlog
c:\users\richard\documents\mechcommander2hd\source\release\mechcmd2.tlog\rc.read.1.tlog
c:\users\richard\documents\mechcommander2hd\source\release\mechcmd2.tlog\rc.write.1.tlog
