c:\users\richard\documents\mechcommander2hd\source\mclib\stuff\debug\stuff.pch
c:\users\richard\documents\mechcommander2hd\source\mclib\stuff\debug\vc120.pdb
c:\users\richard\documents\mechcommander2hd\source\mclib\stuff\debug\stuffheaders.obj
c:\users\richard\documents\mechcommander2hd\source\mclib\stuff\debug\plane.obj
c:\users\richard\documents\mechcommander2hd\source\mclib\stuff\debug\origin_test.obj
c:\users\richard\documents\mechcommander2hd\source\mclib\stuff\debug\origin.obj
c:\users\richard\documents\mechcommander2hd\source\mclib\stuff\debug\obb.obj
c:\users\richard\documents\mechcommander2hd\source\mclib\stuff\debug\normal_test.obj
c:\users\richard\documents\mechcommander2hd\source\mclib\stuff\debug\normal.obj
c:\users\richard\documents\mechcommander2hd\source\mclib\stuff\debug\motion.obj
c:\users\richard\documents\mechcommander2hd\source\mclib\stuff\debug\matrix_test.obj
c:\users\richard\documents\mechcommander2hd\source\mclib\stuff\debug\matrix.obj
c:\users\richard\documents\mechcommander2hd\source\mclib\stuff\debug\linearmatrix_test.obj
c:\users\richard\documents\mechcommander2hd\source\mclib\stuff\debug\linearmatrix.obj
c:\users\richard\documents\mechcommander2hd\source\mclib\stuff\debug\line.obj
c:\users\richard\documents\mechcommander2hd\source\mclib\stuff\debug\extentbox.obj
c:\users\richard\documents\mechcommander2hd\source\mclib\stuff\debug\color.obj
c:\users\richard\documents\mechcommander2hd\source\mclib\stuff\debug\angle_test.obj
c:\users\richard\documents\mechcommander2hd\source\mclib\stuff\debug\angle.obj
c:\users\richard\documents\mechcommander2hd\source\mclib\stuff\debug\affinematrix_test.obj
c:\users\richard\documents\mechcommander2hd\source\mclib\stuff\debug\affinematrix.obj
c:\users\richard\documents\mechcommander2hd\source\mclib\stuff\debug\trace.obj
c:\users\richard\documents\mechcommander2hd\source\mclib\stuff\debug\style.obj
c:\users\richard\documents\mechcommander2hd\source\mclib\stuff\debug\memoryblock_test.obj
c:\users\richard\documents\mechcommander2hd\source\mclib\stuff\debug\memoryblock.obj
c:\users\richard\documents\mechcommander2hd\source\mclib\stuff\debug\matrixstack.obj
c:\users\richard\documents\mechcommander2hd\source\mclib\stuff\debug\vector4d_test.obj
c:\users\richard\documents\mechcommander2hd\source\mclib\stuff\debug\vector4d.obj
c:\users\richard\documents\mechcommander2hd\source\mclib\stuff\debug\vector3d_test.obj
c:\users\richard\documents\mechcommander2hd\source\mclib\stuff\debug\vector3d.obj
c:\users\richard\documents\mechcommander2hd\source\mclib\stuff\debug\unitvector_test.obj
c:\users\richard\documents\mechcommander2hd\source\mclib\stuff\debug\unitvector.obj
c:\users\richard\documents\mechcommander2hd\source\mclib\stuff\debug\sphere.obj
c:\users\richard\documents\mechcommander2hd\source\mclib\stuff\debug\scalar.obj
c:\users\richard\documents\mechcommander2hd\source\mclib\stuff\debug\rotation_test.obj
c:\users\richard\documents\mechcommander2hd\source\mclib\stuff\debug\rotation.obj
c:\users\richard\documents\mechcommander2hd\source\mclib\stuff\debug\ray_test.obj
c:\users\richard\documents\mechcommander2hd\source\mclib\stuff\debug\ray.obj
c:\users\richard\documents\mechcommander2hd\source\mclib\stuff\debug\random_test.obj
c:\users\richard\documents\mechcommander2hd\source\mclib\stuff\debug\random.obj
c:\users\richard\documents\mechcommander2hd\source\mclib\stuff\debug\polar.obj
c:\users\richard\documents\mechcommander2hd\source\mclib\stuff\debug\point3d_test.obj
c:\users\richard\documents\mechcommander2hd\source\mclib\stuff\debug\point3d.obj
c:\users\richard\documents\mechcommander2hd\source\mclib\stuff\debug\table.obj
c:\users\richard\documents\mechcommander2hd\source\mclib\stuff\debug\sortedsocket.obj
c:\users\richard\documents\mechcommander2hd\source\mclib\stuff\debug\sortedchain_test.obj
c:\users\richard\documents\mechcommander2hd\source\mclib\stuff\debug\sortedchain.obj
c:\users\richard\documents\mechcommander2hd\source\mclib\stuff\debug\socket.obj
c:\users\richard\documents\mechcommander2hd\source\mclib\stuff\debug\slot.obj
c:\users\richard\documents\mechcommander2hd\source\mclib\stuff\debug\safesocket.obj
c:\users\richard\documents\mechcommander2hd\source\mclib\stuff\debug\safechain_test.obj
c:\users\richard\documents\mechcommander2hd\source\mclib\stuff\debug\safechain.obj
c:\users\richard\documents\mechcommander2hd\source\mclib\stuff\debug\registeredclass.obj
c:\users\richard\documents\mechcommander2hd\source\mclib\stuff\debug\plug.obj
c:\users\richard\documents\mechcommander2hd\source\mclib\stuff\debug\node.obj
c:\users\richard\documents\mechcommander2hd\source\mclib\stuff\debug\link.obj
c:\users\richard\documents\mechcommander2hd\source\mclib\stuff\debug\iterator.obj
c:\users\richard\documents\mechcommander2hd\source\mclib\stuff\debug\hash_test.obj
c:\users\richard\documents\mechcommander2hd\source\mclib\stuff\debug\hash.obj
c:\users\richard\documents\mechcommander2hd\source\mclib\stuff\debug\chain_test.obj
c:\users\richard\documents\mechcommander2hd\source\mclib\stuff\debug\chain.obj
c:\users\richard\documents\mechcommander2hd\source\mclib\stuff\debug\mstring_test.obj
c:\users\richard\documents\mechcommander2hd\source\mclib\stuff\debug\mstring.obj
c:\users\richard\documents\mechcommander2hd\source\mclib\stuff\debug\stuff.obj
c:\users\richard\documents\mechcommander2hd\source\mclib\stuff\debug\page.obj
c:\users\richard\documents\mechcommander2hd\source\mclib\stuff\debug\note.obj
c:\users\richard\documents\mechcommander2hd\source\mclib\stuff\debug\notationfile_test.obj
c:\users\richard\documents\mechcommander2hd\source\mclib\stuff\debug\notationfile.obj
c:\users\richard\documents\mechcommander2hd\source\mclib\stuff\debug\namelist_test.obj
c:\users\richard\documents\mechcommander2hd\source\mclib\stuff\debug\namelist.obj
c:\users\richard\documents\mechcommander2hd\source\mclib\stuff\debug\memorystream_test.obj
c:\users\richard\documents\mechcommander2hd\source\mclib\stuff\debug\memorystream.obj
c:\users\richard\documents\mechcommander2hd\source\mclib\stuff\debug\filestreammanager.obj
c:\users\richard\documents\mechcommander2hd\source\mclib\stuff\debug\filestream_test.obj
c:\users\richard\documents\mechcommander2hd\source\mclib\stuff\debug\filestream.obj
c:\users\richard\documents\mechcommander2hd\source\mclib\stuff\debug\database.obj
c:\users\richard\documents\mechcommander2hd\source\mclib\stuff\debug\tree_test.obj
c:\users\richard\documents\mechcommander2hd\source\mclib\stuff\debug\tree.obj
c:\users\richard\documents\mechcommander2hd\source\mclib\stuff\debug\table_test.obj
c:\users\richard\documents\mechcommander2hd\source\mclib\stuff\debug\stuff.lib
c:\users\richard\documents\mechcommander2hd\source\mclib\stuff\.\debug\stuff.lib
c:\users\richard\documents\mechcommander2hd\source\mclib\stuff\debug\stuff.tlog\cl.command.1.tlog
c:\users\richard\documents\mechcommander2hd\source\mclib\stuff\debug\stuff.tlog\cl.read.1.tlog
c:\users\richard\documents\mechcommander2hd\source\mclib\stuff\debug\stuff.tlog\cl.write.1.tlog
c:\users\richard\documents\mechcommander2hd\source\mclib\stuff\debug\stuff.tlog\lib-link.read.1.tlog
c:\users\richard\documents\mechcommander2hd\source\mclib\stuff\debug\stuff.tlog\lib-link.write.1.tlog
c:\users\richard\documents\mechcommander2hd\source\mclib\stuff\debug\stuff.tlog\lib.command.1.tlog
