e:\program files\mechcommander2 source\source\gui\release\vc120.pdb
e:\program files\mechcommander2 source\source\gui\release\logisticsscreen.obj
e:\program files\mechcommander2 source\source\gui\release\asystem.obj
e:\program files\mechcommander2 source\source\gui\release\ascroll.obj
e:\program files\mechcommander2 source\source\gui\release\alistbox.obj
e:\program files\mechcommander2 source\source\gui\release\afont.obj
e:\program files\mechcommander2 source\source\gui\release\aedit.obj
e:\program files\mechcommander2 source\source\gui\release\abutton.obj
e:\program files\mechcommander2 source\source\gui\release\aanim.obj
e:\program files\mechcommander2 source\source\gui\release\gui.lib
c:\users\richard\documents\mechcommander2hd\source\gui\release\aanim.obj
c:\users\richard\documents\mechcommander2hd\source\gui\release\abutton.obj
c:\users\richard\documents\mechcommander2hd\source\gui\release\aedit.obj
c:\users\richard\documents\mechcommander2hd\source\gui\release\afont.obj
c:\users\richard\documents\mechcommander2hd\source\gui\release\alistbox.obj
c:\users\richard\documents\mechcommander2hd\source\gui\release\ascroll.obj
c:\users\richard\documents\mechcommander2hd\source\gui\release\asystem.obj
c:\users\richard\documents\mechcommander2hd\source\gui\release\logisticsscreen.obj
c:\users\richard\documents\mechcommander2hd\source\gui\release\vc120.pdb
c:\users\richard\documents\mechcommander2hd\source\gui\.\release\gui.lib
c:\users\richard\documents\mechcommander2hd\source\gui\release\gui.tlog\cl.command.1.tlog
c:\users\richard\documents\mechcommander2hd\source\gui\release\gui.tlog\cl.read.1.tlog
c:\users\richard\documents\mechcommander2hd\source\gui\release\gui.tlog\cl.write.1.tlog
c:\users\richard\documents\mechcommander2hd\source\gui\release\gui.tlog\lib-link.read.1.tlog
c:\users\richard\documents\mechcommander2hd\source\gui\release\gui.tlog\lib-link.write.1.tlog
c:\users\richard\documents\mechcommander2hd\source\gui\release\gui.tlog\lib.command.1.tlog
