c:\users\richard\documents\mechcommander2hd\source\debug\vc120.pdb
c:\users\richard\documents\mechcommander2hd\source\debug\team.obj
c:\users\richard\documents\mechcommander2hd\source\debug\tacordr.obj
c:\users\richard\documents\mechcommander2hd\source\debug\objtype.obj
c:\users\richard\documents\mechcommander2hd\source\debug\objmgr.obj
c:\users\richard\documents\mechcommander2hd\source\debug\mover.obj
c:\users\richard\documents\mechcommander2hd\source\debug\mech.obj
c:\users\richard\documents\mechcommander2hd\source\debug\light.obj
c:\users\richard\documents\mechcommander2hd\source\debug\gvehicl.obj
c:\users\richard\documents\mechcommander2hd\source\debug\group.obj
c:\users\richard\documents\mechcommander2hd\source\debug\goal.obj
c:\users\richard\documents\mechcommander2hd\source\debug\gate.obj
c:\users\richard\documents\mechcommander2hd\source\debug\gameobj.obj
c:\users\richard\documents\mechcommander2hd\source\debug\contact.obj
c:\users\richard\documents\mechcommander2hd\source\debug\comndr.obj
c:\users\richard\documents\mechcommander2hd\source\debug\collsn.obj
c:\users\richard\documents\mechcommander2hd\source\debug\carnage.obj
c:\users\richard\documents\mechcommander2hd\source\debug\bldng.obj
c:\users\richard\documents\mechcommander2hd\source\debug\artlry.obj
c:\users\richard\documents\mechcommander2hd\source\debug\mechcmd2.obj
c:\users\richard\documents\mechcommander2hd\source\debug\dw.obj
c:\users\richard\documents\mechcommander2hd\source\debug\asystem.obj
c:\users\richard\documents\mechcommander2hd\source\debug\ascroll.obj
c:\users\richard\documents\mechcommander2hd\source\debug\alistbox.obj
c:\users\richard\documents\mechcommander2hd\source\debug\afont.obj
c:\users\richard\documents\mechcommander2hd\source\debug\aedit.obj
c:\users\richard\documents\mechcommander2hd\source\debug\abutton.obj
c:\users\richard\documents\mechcommander2hd\source\debug\aanimobject.obj
c:\users\richard\documents\mechcommander2hd\source\debug\aanim.obj
c:\users\richard\documents\mechcommander2hd\source\debug\weather.obj
c:\users\richard\documents\mechcommander2hd\source\debug\trigger.obj
c:\users\richard\documents\mechcommander2hd\source\debug\saveload.obj
c:\users\richard\documents\mechcommander2hd\source\debug\objective.obj
c:\users\richard\documents\mechcommander2hd\source\debug\mission2.obj
c:\users\richard\documents\mechcommander2hd\source\debug\mission.obj
c:\users\richard\documents\mechcommander2hd\source\debug\gamecam.obj
c:\users\richard\documents\mechcommander2hd\source\debug\ablmc2.obj
c:\users\richard\documents\mechcommander2hd\source\debug\weaponbolt.obj
c:\users\richard\documents\mechcommander2hd\source\debug\warrior.obj
c:\users\richard\documents\mechcommander2hd\source\debug\turret.obj
c:\users\richard\documents\mechcommander2hd\source\debug\terrobj.obj
c:\users\richard\documents\mechcommander2hd\source\debug\componentlistbox.obj
c:\users\richard\documents\mechcommander2hd\source\debug\simplecamera.obj
c:\users\richard\documents\mechcommander2hd\source\debug\prefs.obj
c:\users\richard\documents\mechcommander2hd\source\debug\pausewindow.obj
c:\users\richard\documents\mechcommander2hd\source\debug\optionsscreenwrapper.obj
c:\users\richard\documents\mechcommander2hd\source\debug\optionsarea.obj
c:\users\richard\documents\mechcommander2hd\source\debug\mpsetuparea.obj
c:\users\richard\documents\mechcommander2hd\source\debug\mpparameterscreen.obj
c:\users\richard\documents\mechcommander2hd\source\debug\mploadmap.obj
c:\users\richard\documents\mechcommander2hd\source\debug\mphostgame.obj
c:\users\richard\documents\mechcommander2hd\source\debug\mpgamebrowser.obj
c:\users\richard\documents\mechcommander2hd\source\debug\mpconnectiontype.obj
c:\users\richard\documents\mechcommander2hd\source\debug\missiongui.obj
c:\users\richard\documents\mechcommander2hd\source\debug\mechicon.obj
c:\users\richard\documents\mechcommander2hd\source\debug\keyboardref.obj
c:\users\richard\documents\mechcommander2hd\source\debug\infowindow.obj
c:\users\richard\documents\mechcommander2hd\source\debug\gametacmap.obj
c:\users\richard\documents\mechcommander2hd\source\debug\forcegroupbar.obj
c:\users\richard\documents\mechcommander2hd\source\debug\controlgui.obj
c:\users\richard\documents\mechcommander2hd\source\debug\attributemeter.obj
c:\users\richard\documents\mechcommander2hd\source\debug\missionbegin.obj
c:\users\richard\documents\mechcommander2hd\source\debug\mechpurchasescreen.obj
c:\users\richard\documents\mechcommander2hd\source\debug\mechlopedia.obj
c:\users\richard\documents\mechcommander2hd\source\debug\mechlistbox.obj
c:\users\richard\documents\mechcommander2hd\source\debug\mechlabscreen.obj
c:\users\richard\documents\mechcommander2hd\source\debug\mechbayscreen.obj
c:\users\richard\documents\mechcommander2hd\source\debug\mainmenu.obj
c:\users\richard\documents\mechcommander2hd\source\debug\logisticsvariant.obj
c:\users\richard\documents\mechcommander2hd\source\debug\logisticsscreen.obj
c:\users\richard\documents\mechcommander2hd\source\debug\logisticspilotlistbox.obj
c:\users\richard\documents\mechcommander2hd\source\debug\logisticspilot.obj
c:\users\richard\documents\mechcommander2hd\source\debug\logisticsmissioninfo.obj
c:\users\richard\documents\mechcommander2hd\source\debug\logisticsmechicon.obj
c:\users\richard\documents\mechcommander2hd\source\debug\logisticsmechdisplay.obj
c:\users\richard\documents\mechcommander2hd\source\debug\logisticsmech.obj
c:\users\richard\documents\mechcommander2hd\source\debug\logisticsdialog.obj
c:\users\richard\documents\mechcommander2hd\source\debug\logisticsdata.obj
c:\users\richard\documents\mechcommander2hd\source\debug\logisticscomponent.obj
c:\users\richard\documents\mechcommander2hd\source\debug\logistics.obj
c:\users\richard\documents\mechcommander2hd\source\debug\loadscreen.obj
c:\users\richard\documents\mechcommander2hd\source\debug\mc2movie.obj
c:\users\richard\documents\mechcommander2hd\source\debug\multplyr.obj
c:\users\richard\documents\mechcommander2hd\source\debug\mpstats.obj
c:\users\richard\documents\mechcommander2hd\source\debug\chatwindow.obj
c:\users\richard\documents\mechcommander2hd\source\debug\movemgr.obj
c:\users\richard\documents\mechcommander2hd\source\debug\radio.obj
c:\users\richard\documents\mechcommander2hd\source\debug\gamesound.obj
c:\users\richard\documents\mechcommander2hd\source\debug\simplecomponentlistbox.obj
c:\users\richard\documents\mechcommander2hd\source\debug\salvagemecharea.obj
c:\users\richard\documents\mechcommander2hd\source\debug\pilotreviewarea.obj
c:\users\richard\documents\mechcommander2hd\source\debug\pilotreadyscreen.obj
c:\users\richard\documents\mechcommander2hd\source\debug\mpprefs.obj
c:\users\richard\documents\mechcommander2hd\source\debug\missionselectionscreen.obj
c:\users\richard\documents\mechcommander2hd\source\debug\missionresults.obj
c:\users\richard\documents\mechcommander2hd\source\debug\missionbriefingscreen.obj
c:\users\richard\documents\mechcommander2hd\source\debug\mc2dbg.exe
c:\users\richard\documents\mechcommander2hd\source\debug\mc2dbg.pdb
c:\users\richard\documents\mechcommander2hd\source\debug\script1.res
c:\users\richard\documents\mechcommander2hd\source\debug\mechcmd2.tlog\cl.command.1.tlog
c:\users\richard\documents\mechcommander2hd\source\debug\mechcmd2.tlog\cl.read.1.tlog
c:\users\richard\documents\mechcommander2hd\source\debug\mechcmd2.tlog\cl.write.1.tlog
c:\users\richard\documents\mechcommander2hd\source\debug\mechcmd2.tlog\link.command.1.tlog
c:\users\richard\documents\mechcommander2hd\source\debug\mechcmd2.tlog\link.read.1.tlog
c:\users\richard\documents\mechcommander2hd\source\debug\mechcmd2.tlog\link.write.1.tlog
c:\users\richard\documents\mechcommander2hd\source\debug\mechcmd2.tlog\rc.command.1.tlog
c:\users\richard\documents\mechcommander2hd\source\debug\mechcmd2.tlog\rc.read.1.tlog
c:\users\richard\documents\mechcommander2hd\source\debug\mechcmd2.tlog\rc.write.1.tlog
