e:\program files\mechcommander2 source\source\viewer\release\vc120.pdb
e:\program files\mechcommander2 source\source\viewer\release\view.obj
e:\program files\mechcommander2 source\source\viewer\release\simplecomponentlistbox.obj
e:\program files\mechcommander2 source\source\viewer\release\simplecamera.obj
e:\program files\mechcommander2 source\source\viewer\release\radio.obj
e:\program files\mechcommander2 source\source\viewer\release\prefs.obj
e:\program files\mechcommander2 source\source\viewer\release\mission2.obj
e:\program files\mechcommander2 source\source\viewer\release\mechlopedia.obj
e:\program files\mechcommander2 source\source\viewer\release\logisticsvariant.obj
e:\program files\mechcommander2 source\source\viewer\release\logisticspilot.obj
e:\program files\mechcommander2 source\source\viewer\release\logisticsmissioninfo.obj
e:\program files\mechcommander2 source\source\viewer\release\logisticsmech.obj
e:\program files\mechcommander2 source\source\viewer\release\logisticsdata.obj
e:\program files\mechcommander2 source\source\viewer\release\logisticscomponent.obj
e:\program files\mechcommander2 source\source\viewer\release\gamesound.obj
e:\program files\mechcommander2 source\source\viewer\release\aanimobject.obj
e:\program files\mechcommander2 source\source\viewer\release\viewrel.exe
e:\program files\mechcommander2 source\source\viewer\release\script1.res
c:\users\richard\documents\mechcommander2hd\source\viewer\release\aanimobject.obj
c:\users\richard\documents\mechcommander2hd\source\viewer\release\gamesound.obj
c:\users\richard\documents\mechcommander2hd\source\viewer\release\logisticscomponent.obj
c:\users\richard\documents\mechcommander2hd\source\viewer\release\logisticsdata.obj
c:\users\richard\documents\mechcommander2hd\source\viewer\release\logisticsmech.obj
c:\users\richard\documents\mechcommander2hd\source\viewer\release\logisticsmissioninfo.obj
c:\users\richard\documents\mechcommander2hd\source\viewer\release\logisticspilot.obj
c:\users\richard\documents\mechcommander2hd\source\viewer\release\logisticsvariant.obj
c:\users\richard\documents\mechcommander2hd\source\viewer\release\mechlopedia.obj
c:\users\richard\documents\mechcommander2hd\source\viewer\release\mission2.obj
c:\users\richard\documents\mechcommander2hd\source\viewer\release\prefs.obj
c:\users\richard\documents\mechcommander2hd\source\viewer\release\radio.obj
c:\users\richard\documents\mechcommander2hd\source\viewer\release\simplecamera.obj
c:\users\richard\documents\mechcommander2hd\source\viewer\release\simplecomponentlistbox.obj
c:\users\richard\documents\mechcommander2hd\source\viewer\release\view.obj
c:\users\richard\documents\mechcommander2hd\source\viewer\release\script1.res
c:\users\richard\documents\mechcommander2hd\source\viewer\release\vc120.pdb
c:\users\richard\documents\mechcommander2hd\source\viewer\release\viewer.tlog\cl.command.1.tlog
c:\users\richard\documents\mechcommander2hd\source\viewer\release\viewer.tlog\cl.read.1.tlog
c:\users\richard\documents\mechcommander2hd\source\viewer\release\viewer.tlog\cl.write.1.tlog
c:\users\richard\documents\mechcommander2hd\source\viewer\release\viewer.tlog\link.command.1.tlog
c:\users\richard\documents\mechcommander2hd\source\viewer\release\viewer.tlog\link.read.1.tlog
c:\users\richard\documents\mechcommander2hd\source\viewer\release\viewer.tlog\link.write.1.tlog
c:\users\richard\documents\mechcommander2hd\source\viewer\release\viewer.tlog\rc.command.1.tlog
c:\users\richard\documents\mechcommander2hd\source\viewer\release\viewer.tlog\rc.read.1.tlog
c:\users\richard\documents\mechcommander2hd\source\viewer\release\viewer.tlog\rc.write.1.tlog
