c:\users\richard\documents\mechcommander2hd\source\ablt\debug\ablt.pch
c:\users\richard\documents\mechcommander2hd\source\ablt\debug\vc120.pdb
c:\users\richard\documents\mechcommander2hd\source\ablt\debug\vc120.idb
c:\users\richard\documents\mechcommander2hd\source\ablt\debug\stdafx.obj
c:\users\richard\documents\mechcommander2hd\source\ablt\debug\ablxstmt.obj
c:\users\richard\documents\mechcommander2hd\source\ablt\debug\ablxstd.obj
c:\users\richard\documents\mechcommander2hd\source\ablt\debug\ablxexpr.obj
c:\users\richard\documents\mechcommander2hd\source\ablt\debug\ablsymt.obj
c:\users\richard\documents\mechcommander2hd\source\ablt\debug\ablstmt.obj
c:\users\richard\documents\mechcommander2hd\source\ablt\debug\ablstd.obj
c:\users\richard\documents\mechcommander2hd\source\ablt\debug\ablscan.obj
c:\users\richard\documents\mechcommander2hd\source\ablt\debug\ablrtn.obj
c:\users\richard\documents\mechcommander2hd\source\ablt\debug\ablexpr.obj
c:\users\richard\documents\mechcommander2hd\source\ablt\debug\ablexec.obj
c:\users\richard\documents\mechcommander2hd\source\ablt\debug\ablerr.obj
c:\users\richard\documents\mechcommander2hd\source\ablt\debug\ablenv.obj
c:\users\richard\documents\mechcommander2hd\source\ablt\debug\abldecl.obj
c:\users\richard\documents\mechcommander2hd\source\ablt\debug\abldbug.obj
c:\users\richard\documents\mechcommander2hd\source\ablt\debug\ablt.obj
c:\users\richard\documents\mechcommander2hd\source\ablt\debug\ablmc2.obj
c:\users\richard\documents\mechcommander2hd\source\ablt\debug\ablt.exe
c:\users\richard\documents\mechcommander2hd\source\ablt\debug\ablt.pdb
c:\users\richard\documents\mechcommander2hd\source\ablt\.\debug\ablt.exe
c:\users\richard\documents\mechcommander2hd\source\ablt\debug\ablt.tlog\cl.command.1.tlog
c:\users\richard\documents\mechcommander2hd\source\ablt\debug\ablt.tlog\cl.read.1.tlog
c:\users\richard\documents\mechcommander2hd\source\ablt\debug\ablt.tlog\cl.write.1.tlog
c:\users\richard\documents\mechcommander2hd\source\ablt\debug\ablt.tlog\link.command.1.tlog
c:\users\richard\documents\mechcommander2hd\source\ablt\debug\ablt.tlog\link.read.1.tlog
c:\users\richard\documents\mechcommander2hd\source\ablt\debug\ablt.tlog\link.write.1.tlog
