c:\users\richard\documents\mechcommander2hd\source\mclib\mlr\debug\mlr.pch
c:\users\richard\documents\mechcommander2hd\source\mclib\mlr\debug\vc120.pdb
c:\users\richard\documents\mechcommander2hd\source\mclib\mlr\debug\mlrheaders.obj
c:\users\richard\documents\mechcommander2hd\source\mclib\mlr\debug\mlr_i_l_dt_tmesh.obj
c:\users\richard\documents\mechcommander2hd\source\mclib\mlr\debug\mlr_i_l_det_tmesh.obj
c:\users\richard\documents\mechcommander2hd\source\mclib\mlr\debug\mlr_i_dt_tmesh.obj
c:\users\richard\documents\mechcommander2hd\source\mclib\mlr\debug\mlr_i_det_tmesh.obj
c:\users\richard\documents\mechcommander2hd\source\mclib\mlr\debug\mlr_i_c_tmesh.obj
c:\users\richard\documents\mechcommander2hd\source\mclib\mlr\debug\mlr_i_c_dt_tmesh.obj
c:\users\richard\documents\mechcommander2hd\source\mclib\mlr\debug\mlr_i_c_det_tmesh.obj
c:\users\richard\documents\mechcommander2hd\source\mclib\mlr\debug\mlr_i_pmesh.obj
c:\users\richard\documents\mechcommander2hd\source\mclib\mlr\debug\mlr_i_mt_pmesh.obj
c:\users\richard\documents\mechcommander2hd\source\mclib\mlr\debug\mlr_i_l_pmesh.obj
c:\users\richard\documents\mechcommander2hd\source\mclib\mlr\debug\mlr_i_l_dt_pmesh.obj
c:\users\richard\documents\mechcommander2hd\source\mclib\mlr\debug\mlr_i_l_det_pmesh.obj
c:\users\richard\documents\mechcommander2hd\source\mclib\mlr\debug\mlr_i_dt_pmesh.obj
c:\users\richard\documents\mechcommander2hd\source\mclib\mlr\debug\mlr_i_det_pmesh.obj
c:\users\richard\documents\mechcommander2hd\source\mclib\mlr\debug\mlr_i_c_pmesh.obj
c:\users\richard\documents\mechcommander2hd\source\mclib\mlr\debug\mlr_i_c_dt_pmesh.obj
c:\users\richard\documents\mechcommander2hd\source\mclib\mlr\debug\mlr_i_c_det_pmesh.obj
c:\users\richard\documents\mechcommander2hd\source\mclib\mlr\debug\mlrshape.obj
c:\users\richard\documents\mechcommander2hd\source\mclib\mlr\debug\mlrprimitivebase.obj
c:\users\richard\documents\mechcommander2hd\source\mclib\mlr\debug\mlrindexedprimitivebase.obj
c:\users\richard\documents\mechcommander2hd\source\mclib\mlr\debug\gosvertex.obj
c:\users\richard\documents\mechcommander2hd\source\mclib\mlr\debug\gosimagepool.obj
c:\users\richard\documents\mechcommander2hd\source\mclib\mlr\debug\gosimage.obj
c:\users\richard\documents\mechcommander2hd\source\mclib\mlr\debug\mlrtexturepool.obj
c:\users\richard\documents\mechcommander2hd\source\mclib\mlr\debug\mlrtexture.obj
c:\users\richard\documents\mechcommander2hd\source\mclib\mlr\debug\mlrstate.obj
c:\users\richard\documents\mechcommander2hd\source\mclib\mlr\debug\mlrsorter.obj
c:\users\richard\documents\mechcommander2hd\source\mclib\mlr\debug\mlrsortbyorder.obj
c:\users\richard\documents\mechcommander2hd\source\mclib\mlr\debug\mlrspotlight.obj
c:\users\richard\documents\mechcommander2hd\source\mclib\mlr\debug\mlrpointlight.obj
c:\users\richard\documents\mechcommander2hd\source\mclib\mlr\debug\mlrlookuplight.obj
c:\users\richard\documents\mechcommander2hd\source\mclib\mlr\debug\mlrlightmap.obj
c:\users\richard\documents\mechcommander2hd\source\mclib\mlr\debug\mlrlight.obj
c:\users\richard\documents\mechcommander2hd\source\mclib\mlr\debug\mlrinfinitelightwithfalloff.obj
c:\users\richard\documents\mechcommander2hd\source\mclib\mlr\debug\mlrinfinitelight.obj
c:\users\richard\documents\mechcommander2hd\source\mclib\mlr\debug\mlrambientlight.obj
c:\users\richard\documents\mechcommander2hd\source\mclib\mlr\debug\mlr_terrain2.obj
c:\users\richard\documents\mechcommander2hd\source\mclib\mlr\debug\mlr_terrain.obj
c:\users\richard\documents\mechcommander2hd\source\mclib\mlr\debug\mlr_i_tmesh.obj
c:\users\richard\documents\mechcommander2hd\source\mclib\mlr\debug\mlr_i_l_tmesh.obj
c:\users\richard\documents\mechcommander2hd\source\mclib\mlr\debug\mlr.obj
c:\users\richard\documents\mechcommander2hd\source\mclib\mlr\debug\mlrtrianglecloud.obj
c:\users\richard\documents\mechcommander2hd\source\mclib\mlr\debug\mlrpointcloud.obj
c:\users\richard\documents\mechcommander2hd\source\mclib\mlr\debug\mlrngoncloud.obj
c:\users\richard\documents\mechcommander2hd\source\mclib\mlr\debug\mlrlinecloud.obj
c:\users\richard\documents\mechcommander2hd\source\mclib\mlr\debug\mlrindexedtrianglecloud.obj
c:\users\richard\documents\mechcommander2hd\source\mclib\mlr\debug\mlreffect.obj
c:\users\richard\documents\mechcommander2hd\source\mclib\mlr\debug\mlrcardcloud.obj
c:\users\richard\documents\mechcommander2hd\source\mclib\mlr\debug\mlrclippingstate.obj
c:\users\richard\documents\mechcommander2hd\source\mclib\mlr\debug\mlrclipper.obj
c:\users\richard\documents\mechcommander2hd\source\mclib\mlr\debug\gosvertex2uv.obj
c:\users\richard\documents\mechcommander2hd\source\mclib\mlr\debug\mlr.lib
c:\users\richard\documents\mechcommander2hd\source\mclib\mlr\.\debug\mlr.lib
c:\users\richard\documents\mechcommander2hd\source\mclib\mlr\debug\mlr.tlog\cl.command.1.tlog
c:\users\richard\documents\mechcommander2hd\source\mclib\mlr\debug\mlr.tlog\cl.read.1.tlog
c:\users\richard\documents\mechcommander2hd\source\mclib\mlr\debug\mlr.tlog\cl.write.1.tlog
c:\users\richard\documents\mechcommander2hd\source\mclib\mlr\debug\mlr.tlog\lib-link.read.1.tlog
c:\users\richard\documents\mechcommander2hd\source\mclib\mlr\debug\mlr.tlog\lib-link.write.1.tlog
c:\users\richard\documents\mechcommander2hd\source\mclib\mlr\debug\mlr.tlog\lib.command.1.tlog
