e:\program files\mechcommander2 source\source\mclib\mlr\release\mlr.pch
e:\program files\mechcommander2 source\source\mclib\mlr\release\vc120.pdb
e:\program files\mechcommander2 source\source\mclib\mlr\release\mlrheaders.obj
e:\program files\mechcommander2 source\source\mclib\mlr\release\mlrpointcloud.obj
e:\program files\mechcommander2 source\source\mclib\mlr\release\mlrngoncloud.obj
e:\program files\mechcommander2 source\source\mclib\mlr\release\mlrlookuplight.obj
e:\program files\mechcommander2 source\source\mclib\mlr\release\mlrlinecloud.obj
e:\program files\mechcommander2 source\source\mclib\mlr\release\mlrlightmap.obj
e:\program files\mechcommander2 source\source\mclib\mlr\release\mlrlight.obj
e:\program files\mechcommander2 source\source\mclib\mlr\release\mlrinfinitelightwithfalloff.obj
e:\program files\mechcommander2 source\source\mclib\mlr\release\mlrinfinitelight.obj
e:\program files\mechcommander2 source\source\mclib\mlr\release\mlrindexedtrianglecloud.obj
e:\program files\mechcommander2 source\source\mclib\mlr\release\mlrindexedprimitivebase.obj
e:\program files\mechcommander2 source\source\mclib\mlr\release\mlreffect.obj
e:\program files\mechcommander2 source\source\mclib\mlr\release\mlrclippingstate.obj
e:\program files\mechcommander2 source\source\mclib\mlr\release\mlrclipper.obj
e:\program files\mechcommander2 source\source\mclib\mlr\release\mlrcardcloud.obj
e:\program files\mechcommander2 source\source\mclib\mlr\release\mlrambientlight.obj
e:\program files\mechcommander2 source\source\mclib\mlr\release\mlr.obj
e:\program files\mechcommander2 source\source\mclib\mlr\release\gosvertex2uv.obj
e:\program files\mechcommander2 source\source\mclib\mlr\release\gosvertex.obj
e:\program files\mechcommander2 source\source\mclib\mlr\release\gosimagepool.obj
e:\program files\mechcommander2 source\source\mclib\mlr\release\gosimage.obj
e:\program files\mechcommander2 source\source\mclib\mlr\release\mlr_i_det_tmesh.obj
e:\program files\mechcommander2 source\source\mclib\mlr\release\mlr_i_det_pmesh.obj
e:\program files\mechcommander2 source\source\mclib\mlr\release\mlr_i_dt_tmesh.obj
e:\program files\mechcommander2 source\source\mclib\mlr\release\mlr_i_dt_pmesh.obj
e:\program files\mechcommander2 source\source\mclib\mlr\release\mlr_i_c_tmesh.obj
e:\program files\mechcommander2 source\source\mclib\mlr\release\mlr_i_c_pmesh.obj
e:\program files\mechcommander2 source\source\mclib\mlr\release\mlr_i_c_det_tmesh.obj
e:\program files\mechcommander2 source\source\mclib\mlr\release\mlr_i_c_det_pmesh.obj
e:\program files\mechcommander2 source\source\mclib\mlr\release\mlr_i_c_dt_tmesh.obj
e:\program files\mechcommander2 source\source\mclib\mlr\release\mlr_i_c_dt_pmesh.obj
e:\program files\mechcommander2 source\source\mclib\mlr\release\mlrtrianglecloud.obj
e:\program files\mechcommander2 source\source\mclib\mlr\release\mlrtexturepool.obj
e:\program files\mechcommander2 source\source\mclib\mlr\release\mlrtexture.obj
e:\program files\mechcommander2 source\source\mclib\mlr\release\mlrstate.obj
e:\program files\mechcommander2 source\source\mclib\mlr\release\mlrspotlight.obj
e:\program files\mechcommander2 source\source\mclib\mlr\release\mlrsorter.obj
e:\program files\mechcommander2 source\source\mclib\mlr\release\mlrsortbyorder.obj
e:\program files\mechcommander2 source\source\mclib\mlr\release\mlrshape.obj
e:\program files\mechcommander2 source\source\mclib\mlr\release\mlrprimitivebase.obj
e:\program files\mechcommander2 source\source\mclib\mlr\release\mlrpointlight.obj
e:\program files\mechcommander2 source\source\mclib\mlr\release\mlr_terrain2.obj
e:\program files\mechcommander2 source\source\mclib\mlr\release\mlr_terrain.obj
e:\program files\mechcommander2 source\source\mclib\mlr\release\mlr_i_tmesh.obj
e:\program files\mechcommander2 source\source\mclib\mlr\release\mlr_i_pmesh.obj
e:\program files\mechcommander2 source\source\mclib\mlr\release\mlr_i_mt_pmesh.obj
e:\program files\mechcommander2 source\source\mclib\mlr\release\mlr_i_l_tmesh.obj
e:\program files\mechcommander2 source\source\mclib\mlr\release\mlr_i_l_pmesh.obj
e:\program files\mechcommander2 source\source\mclib\mlr\release\mlr_i_l_det_tmesh.obj
e:\program files\mechcommander2 source\source\mclib\mlr\release\mlr_i_l_det_pmesh.obj
e:\program files\mechcommander2 source\source\mclib\mlr\release\mlr_i_l_dt_tmesh.obj
e:\program files\mechcommander2 source\source\mclib\mlr\release\mlr_i_l_dt_pmesh.obj
e:\program files\mechcommander2 source\source\mclib\mlr\release\mlr.lib
c:\users\richard\documents\mechcommander2hd\source\mclib\mlr\release\gosimage.obj
c:\users\richard\documents\mechcommander2hd\source\mclib\mlr\release\gosimagepool.obj
c:\users\richard\documents\mechcommander2hd\source\mclib\mlr\release\gosvertex.obj
c:\users\richard\documents\mechcommander2hd\source\mclib\mlr\release\gosvertex2uv.obj
c:\users\richard\documents\mechcommander2hd\source\mclib\mlr\release\mlr.obj
c:\users\richard\documents\mechcommander2hd\source\mclib\mlr\release\mlrambientlight.obj
c:\users\richard\documents\mechcommander2hd\source\mclib\mlr\release\mlrcardcloud.obj
c:\users\richard\documents\mechcommander2hd\source\mclib\mlr\release\mlrclipper.obj
c:\users\richard\documents\mechcommander2hd\source\mclib\mlr\release\mlrclippingstate.obj
c:\users\richard\documents\mechcommander2hd\source\mclib\mlr\release\mlreffect.obj
c:\users\richard\documents\mechcommander2hd\source\mclib\mlr\release\mlrheaders.obj
c:\users\richard\documents\mechcommander2hd\source\mclib\mlr\release\mlrindexedprimitivebase.obj
c:\users\richard\documents\mechcommander2hd\source\mclib\mlr\release\mlrindexedtrianglecloud.obj
c:\users\richard\documents\mechcommander2hd\source\mclib\mlr\release\mlrinfinitelight.obj
c:\users\richard\documents\mechcommander2hd\source\mclib\mlr\release\mlrinfinitelightwithfalloff.obj
c:\users\richard\documents\mechcommander2hd\source\mclib\mlr\release\mlrlight.obj
c:\users\richard\documents\mechcommander2hd\source\mclib\mlr\release\mlrlightmap.obj
c:\users\richard\documents\mechcommander2hd\source\mclib\mlr\release\mlrlinecloud.obj
c:\users\richard\documents\mechcommander2hd\source\mclib\mlr\release\mlrlookuplight.obj
c:\users\richard\documents\mechcommander2hd\source\mclib\mlr\release\mlrngoncloud.obj
c:\users\richard\documents\mechcommander2hd\source\mclib\mlr\release\mlrpointcloud.obj
c:\users\richard\documents\mechcommander2hd\source\mclib\mlr\release\mlrpointlight.obj
c:\users\richard\documents\mechcommander2hd\source\mclib\mlr\release\mlrprimitivebase.obj
c:\users\richard\documents\mechcommander2hd\source\mclib\mlr\release\mlrshape.obj
c:\users\richard\documents\mechcommander2hd\source\mclib\mlr\release\mlrsortbyorder.obj
c:\users\richard\documents\mechcommander2hd\source\mclib\mlr\release\mlrsorter.obj
c:\users\richard\documents\mechcommander2hd\source\mclib\mlr\release\mlrspotlight.obj
c:\users\richard\documents\mechcommander2hd\source\mclib\mlr\release\mlrstate.obj
c:\users\richard\documents\mechcommander2hd\source\mclib\mlr\release\mlrtexture.obj
c:\users\richard\documents\mechcommander2hd\source\mclib\mlr\release\mlrtexturepool.obj
c:\users\richard\documents\mechcommander2hd\source\mclib\mlr\release\mlrtrianglecloud.obj
c:\users\richard\documents\mechcommander2hd\source\mclib\mlr\release\mlr_i_c_det_pmesh.obj
c:\users\richard\documents\mechcommander2hd\source\mclib\mlr\release\mlr_i_c_det_tmesh.obj
c:\users\richard\documents\mechcommander2hd\source\mclib\mlr\release\mlr_i_c_dt_pmesh.obj
c:\users\richard\documents\mechcommander2hd\source\mclib\mlr\release\mlr_i_c_dt_tmesh.obj
c:\users\richard\documents\mechcommander2hd\source\mclib\mlr\release\mlr_i_c_pmesh.obj
c:\users\richard\documents\mechcommander2hd\source\mclib\mlr\release\mlr_i_c_tmesh.obj
c:\users\richard\documents\mechcommander2hd\source\mclib\mlr\release\mlr_i_det_pmesh.obj
c:\users\richard\documents\mechcommander2hd\source\mclib\mlr\release\mlr_i_det_tmesh.obj
c:\users\richard\documents\mechcommander2hd\source\mclib\mlr\release\mlr_i_dt_pmesh.obj
c:\users\richard\documents\mechcommander2hd\source\mclib\mlr\release\mlr_i_dt_tmesh.obj
c:\users\richard\documents\mechcommander2hd\source\mclib\mlr\release\mlr_i_l_det_pmesh.obj
c:\users\richard\documents\mechcommander2hd\source\mclib\mlr\release\mlr_i_l_det_tmesh.obj
c:\users\richard\documents\mechcommander2hd\source\mclib\mlr\release\mlr_i_l_dt_pmesh.obj
c:\users\richard\documents\mechcommander2hd\source\mclib\mlr\release\mlr_i_l_dt_tmesh.obj
c:\users\richard\documents\mechcommander2hd\source\mclib\mlr\release\mlr_i_l_pmesh.obj
c:\users\richard\documents\mechcommander2hd\source\mclib\mlr\release\mlr_i_l_tmesh.obj
c:\users\richard\documents\mechcommander2hd\source\mclib\mlr\release\mlr_i_mt_pmesh.obj
c:\users\richard\documents\mechcommander2hd\source\mclib\mlr\release\mlr_i_pmesh.obj
c:\users\richard\documents\mechcommander2hd\source\mclib\mlr\release\mlr_i_tmesh.obj
c:\users\richard\documents\mechcommander2hd\source\mclib\mlr\release\mlr_terrain.obj
c:\users\richard\documents\mechcommander2hd\source\mclib\mlr\release\mlr_terrain2.obj
c:\users\richard\documents\mechcommander2hd\source\mclib\mlr\release\mlr.pch
c:\users\richard\documents\mechcommander2hd\source\mclib\mlr\release\vc120.pdb
c:\users\richard\documents\mechcommander2hd\source\mclib\mlr\.\release\mlr.lib
c:\users\richard\documents\mechcommander2hd\source\mclib\mlr\release\mlr.tlog\cl.command.1.tlog
c:\users\richard\documents\mechcommander2hd\source\mclib\mlr\release\mlr.tlog\cl.read.1.tlog
c:\users\richard\documents\mechcommander2hd\source\mclib\mlr\release\mlr.tlog\cl.write.1.tlog
c:\users\richard\documents\mechcommander2hd\source\mclib\mlr\release\mlr.tlog\lib-link.read.1.tlog
c:\users\richard\documents\mechcommander2hd\source\mclib\mlr\release\mlr.tlog\lib-link.write.1.tlog
c:\users\richard\documents\mechcommander2hd\source\mclib\mlr\release\mlr.tlog\lib.command.1.tlog
