e:\program files\mechcommander2 source\source\mclib\gosfx\release\gosfx.pch
e:\program files\mechcommander2 source\source\mclib\gosfx\release\vc120.pdb
e:\program files\mechcommander2 source\source\mclib\gosfx\release\gosfxheaders.obj
e:\program files\mechcommander2 source\source\mclib\gosfx\release\gosfx.obj
e:\program files\mechcommander2 source\source\mclib\gosfx\release\tube.obj
e:\program files\mechcommander2 source\source\mclib\gosfx\release\spinningcloud.obj
e:\program files\mechcommander2 source\source\mclib\gosfx\release\singleton.obj
e:\program files\mechcommander2 source\source\mclib\gosfx\release\shardcloud.obj
e:\program files\mechcommander2 source\source\mclib\gosfx\release\shapecloud.obj
e:\program files\mechcommander2 source\source\mclib\gosfx\release\shape.obj
e:\program files\mechcommander2 source\source\mclib\gosfx\release\pointlight.obj
e:\program files\mechcommander2 source\source\mclib\gosfx\release\pointcloud.obj
e:\program files\mechcommander2 source\source\mclib\gosfx\release\pertcloud.obj
e:\program files\mechcommander2 source\source\mclib\gosfx\release\particlecloud.obj
e:\program files\mechcommander2 source\source\mclib\gosfx\release\fcurve.obj
e:\program files\mechcommander2 source\source\mclib\gosfx\release\effectlibrary.obj
e:\program files\mechcommander2 source\source\mclib\gosfx\release\effectcloud.obj
e:\program files\mechcommander2 source\source\mclib\gosfx\release\effect.obj
e:\program files\mechcommander2 source\source\mclib\gosfx\release\debriscloud.obj
e:\program files\mechcommander2 source\source\mclib\gosfx\release\cardcloud.obj
e:\program files\mechcommander2 source\source\mclib\gosfx\release\card.obj
e:\program files\mechcommander2 source\source\mclib\gosfx\release\gosfx.lib
c:\users\richard\documents\mechcommander2hd\source\mclib\gosfx\release\card.obj
c:\users\richard\documents\mechcommander2hd\source\mclib\gosfx\release\cardcloud.obj
c:\users\richard\documents\mechcommander2hd\source\mclib\gosfx\release\debriscloud.obj
c:\users\richard\documents\mechcommander2hd\source\mclib\gosfx\release\effect.obj
c:\users\richard\documents\mechcommander2hd\source\mclib\gosfx\release\effectcloud.obj
c:\users\richard\documents\mechcommander2hd\source\mclib\gosfx\release\effectlibrary.obj
c:\users\richard\documents\mechcommander2hd\source\mclib\gosfx\release\fcurve.obj
c:\users\richard\documents\mechcommander2hd\source\mclib\gosfx\release\gosfx.obj
c:\users\richard\documents\mechcommander2hd\source\mclib\gosfx\release\gosfxheaders.obj
c:\users\richard\documents\mechcommander2hd\source\mclib\gosfx\release\particlecloud.obj
c:\users\richard\documents\mechcommander2hd\source\mclib\gosfx\release\pertcloud.obj
c:\users\richard\documents\mechcommander2hd\source\mclib\gosfx\release\pointcloud.obj
c:\users\richard\documents\mechcommander2hd\source\mclib\gosfx\release\pointlight.obj
c:\users\richard\documents\mechcommander2hd\source\mclib\gosfx\release\shape.obj
c:\users\richard\documents\mechcommander2hd\source\mclib\gosfx\release\shapecloud.obj
c:\users\richard\documents\mechcommander2hd\source\mclib\gosfx\release\shardcloud.obj
c:\users\richard\documents\mechcommander2hd\source\mclib\gosfx\release\singleton.obj
c:\users\richard\documents\mechcommander2hd\source\mclib\gosfx\release\spinningcloud.obj
c:\users\richard\documents\mechcommander2hd\source\mclib\gosfx\release\tube.obj
c:\users\richard\documents\mechcommander2hd\source\mclib\gosfx\release\gosfx.pch
c:\users\richard\documents\mechcommander2hd\source\mclib\gosfx\release\vc120.pdb
c:\users\richard\documents\mechcommander2hd\source\mclib\gosfx\.\release\gosfx.lib
c:\users\richard\documents\mechcommander2hd\source\mclib\gosfx\release\gosfx.tlog\cl.command.1.tlog
c:\users\richard\documents\mechcommander2hd\source\mclib\gosfx\release\gosfx.tlog\cl.read.1.tlog
c:\users\richard\documents\mechcommander2hd\source\mclib\gosfx\release\gosfx.tlog\cl.write.1.tlog
c:\users\richard\documents\mechcommander2hd\source\mclib\gosfx\release\gosfx.tlog\lib-link.read.1.tlog
c:\users\richard\documents\mechcommander2hd\source\mclib\gosfx\release\gosfx.tlog\lib-link.write.1.tlog
c:\users\richard\documents\mechcommander2hd\source\mclib\gosfx\release\gosfx.tlog\lib.command.1.tlog
