c:\users\richard\documents\mechcommander2hd\source\mclib\gosfx\debug\gosfx.pch
c:\users\richard\documents\mechcommander2hd\source\mclib\gosfx\debug\vc120.pdb
c:\users\richard\documents\mechcommander2hd\source\mclib\gosfx\debug\gosfxheaders.obj
c:\users\richard\documents\mechcommander2hd\source\mclib\gosfx\debug\gosfx.obj
c:\users\richard\documents\mechcommander2hd\source\mclib\gosfx\debug\pointlight.obj
c:\users\richard\documents\mechcommander2hd\source\mclib\gosfx\debug\tube.obj
c:\users\richard\documents\mechcommander2hd\source\mclib\gosfx\debug\singleton.obj
c:\users\richard\documents\mechcommander2hd\source\mclib\gosfx\debug\shape.obj
c:\users\richard\documents\mechcommander2hd\source\mclib\gosfx\debug\card.obj
c:\users\richard\documents\mechcommander2hd\source\mclib\gosfx\debug\spinningcloud.obj
c:\users\richard\documents\mechcommander2hd\source\mclib\gosfx\debug\shardcloud.obj
c:\users\richard\documents\mechcommander2hd\source\mclib\gosfx\debug\shapecloud.obj
c:\users\richard\documents\mechcommander2hd\source\mclib\gosfx\debug\pointcloud.obj
c:\users\richard\documents\mechcommander2hd\source\mclib\gosfx\debug\pertcloud.obj
c:\users\richard\documents\mechcommander2hd\source\mclib\gosfx\debug\particlecloud.obj
c:\users\richard\documents\mechcommander2hd\source\mclib\gosfx\debug\effectcloud.obj
c:\users\richard\documents\mechcommander2hd\source\mclib\gosfx\debug\debriscloud.obj
c:\users\richard\documents\mechcommander2hd\source\mclib\gosfx\debug\cardcloud.obj
c:\users\richard\documents\mechcommander2hd\source\mclib\gosfx\debug\fcurve.obj
c:\users\richard\documents\mechcommander2hd\source\mclib\gosfx\debug\effectlibrary.obj
c:\users\richard\documents\mechcommander2hd\source\mclib\gosfx\debug\effect.obj
c:\users\richard\documents\mechcommander2hd\source\mclib\gosfx\debug\gosfx.lib
c:\users\richard\documents\mechcommander2hd\source\mclib\gosfx\.\debug\gosfx.lib
c:\users\richard\documents\mechcommander2hd\source\mclib\gosfx\debug\gosfx.tlog\cl.command.1.tlog
c:\users\richard\documents\mechcommander2hd\source\mclib\gosfx\debug\gosfx.tlog\cl.read.1.tlog
c:\users\richard\documents\mechcommander2hd\source\mclib\gosfx\debug\gosfx.tlog\cl.write.1.tlog
c:\users\richard\documents\mechcommander2hd\source\mclib\gosfx\debug\gosfx.tlog\lib-link.read.1.tlog
c:\users\richard\documents\mechcommander2hd\source\mclib\gosfx\debug\gosfx.tlog\lib-link.write.1.tlog
c:\users\richard\documents\mechcommander2hd\source\mclib\gosfx\debug\gosfx.tlog\lib.command.1.tlog
