e:\program files\mechcommander2 source\source\mclib\release\vc120.pdb
e:\program files\mechcommander2 source\source\mclib\release\tgainfo.obj
e:\program files\mechcommander2 source\source\mclib\release\sortlist.obj
e:\program files\mechcommander2 source\source\mclib\release\scale.obj
e:\program files\mechcommander2 source\source\mclib\release\routines.obj
e:\program files\mechcommander2 source\source\mclib\release\pqueue.obj
e:\program files\mechcommander2 source\source\mclib\release\paths.obj
e:\program files\mechcommander2 source\source\mclib\release\msl.obj
e:\program files\mechcommander2 source\source\mclib\release\mouse.obj
e:\program files\mechcommander2 source\source\mclib\release\mathfunc.obj
e:\program files\mechcommander2 source\source\mclib\release\lzdecomp.obj
e:\program files\mechcommander2 source\source\mclib\release\lzcomp.obj
e:\program files\mechcommander2 source\source\mclib\release\heap.obj
e:\program files\mechcommander2 source\source\mclib\release\floathelp.obj
e:\program files\mechcommander2 source\source\mclib\release\err.obj
e:\program files\mechcommander2 source\source\mclib\release\debugging.obj
e:\program files\mechcommander2 source\source\mclib\release\color.obj
e:\program files\mechcommander2 source\source\mclib\release\cmponent.obj
e:\program files\mechcommander2 source\source\mclib\release\cident.obj
e:\program files\mechcommander2 source\source\mclib\release\bitflag.obj
e:\program files\mechcommander2 source\source\mclib\release\alphapalette.obj
e:\program files\mechcommander2 source\source\mclib\release\vfx_map_polygon.obj
e:\program files\mechcommander2 source\source\mclib\release\vfx_ellipse.obj
e:\program files\mechcommander2 source\source\mclib\release\cevfx.obj
e:\program files\mechcommander2 source\source\mclib\release\cepane.obj
e:\program files\mechcommander2 source\source\mclib\release\cellip.obj
e:\program files\mechcommander2 source\source\mclib\release\celine.obj
e:\program files\mechcommander2 source\source\mclib\release\celement.obj
e:\program files\mechcommander2 source\source\mclib\release\packet.obj
e:\program files\mechcommander2 source\source\mclib\release\inifile.obj
e:\program files\mechcommander2 source\source\mclib\release\gamelog.obj
e:\program files\mechcommander2 source\source\mclib\release\file.obj
e:\program files\mechcommander2 source\source\mclib\release\ffile.obj
e:\program files\mechcommander2 source\source\mclib\release\fastfile.obj
e:\program files\mechcommander2 source\source\mclib\release\csvfile.obj
e:\program files\mechcommander2 source\source\mclib\release\weaponfx.obj
e:\program files\mechcommander2 source\source\mclib\release\vport.obj
e:\program files\mechcommander2 source\source\mclib\release\userinput.obj
e:\program files\mechcommander2 source\source\mclib\release\txmmgr.obj
e:\program files\mechcommander2 source\source\mclib\release\timing.obj
e:\program files\mechcommander2 source\source\mclib\release\tgl.obj
e:\program files\mechcommander2 source\source\mclib\release\crater.obj
e:\program files\mechcommander2 source\source\mclib\release\clouds.obj
e:\program files\mechcommander2 source\source\mclib\release\camera.obj
e:\program files\mechcommander2 source\source\mclib\release\ablxstmt.obj
e:\program files\mechcommander2 source\source\mclib\release\ablxstd.obj
e:\program files\mechcommander2 source\source\mclib\release\ablxexpr.obj
e:\program files\mechcommander2 source\source\mclib\release\ablsymt.obj
e:\program files\mechcommander2 source\source\mclib\release\ablstmt.obj
e:\program files\mechcommander2 source\source\mclib\release\ablstd.obj
e:\program files\mechcommander2 source\source\mclib\release\ablscan.obj
e:\program files\mechcommander2 source\source\mclib\release\ablrtn.obj
e:\program files\mechcommander2 source\source\mclib\release\ablexpr.obj
e:\program files\mechcommander2 source\source\mclib\release\ablexec.obj
e:\program files\mechcommander2 source\source\mclib\release\ablerr.obj
e:\program files\mechcommander2 source\source\mclib\release\ablenv.obj
e:\program files\mechcommander2 source\source\mclib\release\abldecl.obj
e:\program files\mechcommander2 source\source\mclib\release\abldbug.obj
e:\program files\mechcommander2 source\source\mclib\release\vfxtile.obj
e:\program files\mechcommander2 source\source\mclib\release\vfx_translatedraw.obj
e:\program files\mechcommander2 source\source\mclib\release\vfx_transform.obj
e:\program files\mechcommander2 source\source\mclib\release\tacmap.obj
e:\program files\mechcommander2 source\source\mclib\release\ewcharstring.obj
e:\program files\mechcommander2 source\source\mclib\release\estring.obj
e:\program files\mechcommander2 source\source\mclib\release\echarstring.obj
e:\program files\mechcommander2 source\source\mclib\release\move.obj
e:\program files\mechcommander2 source\source\mclib\release\soundsys.obj
e:\program files\mechcommander2 source\source\mclib\release\mech3d.obj
e:\program files\mechcommander2 source\source\mclib\release\gvactor.obj
e:\program files\mechcommander2 source\source\mclib\release\genactor.obj
e:\program files\mechcommander2 source\source\mclib\release\bdactor.obj
e:\program files\mechcommander2 source\source\mclib\release\apprtype.obj
e:\program files\mechcommander2 source\source\mclib\release\appear.obj
e:\program files\mechcommander2 source\source\mclib\release\txmconv.obj
e:\program files\mechcommander2 source\source\mclib\release\terrtxm2.obj
e:\program files\mechcommander2 source\source\mclib\release\terrtxm.obj
e:\program files\mechcommander2 source\source\mclib\release\terrain.obj
e:\program files\mechcommander2 source\source\mclib\release\quad.obj
e:\program files\mechcommander2 source\source\mclib\release\mapdata.obj
e:\program files\mechcommander2 source\source\mclib\release\mclib.pch
e:\program files\mechcommander2 source\source\mclib\release\utilities.obj
e:\program files\mechcommander2 source\source\mclib\release\mclib.lib
c:\users\richard\documents\mechcommander2hd\source\mclib\release\abldbug.obj
c:\users\richard\documents\mechcommander2hd\source\mclib\release\abldecl.obj
c:\users\richard\documents\mechcommander2hd\source\mclib\release\ablenv.obj
c:\users\richard\documents\mechcommander2hd\source\mclib\release\ablerr.obj
c:\users\richard\documents\mechcommander2hd\source\mclib\release\ablexec.obj
c:\users\richard\documents\mechcommander2hd\source\mclib\release\ablexpr.obj
c:\users\richard\documents\mechcommander2hd\source\mclib\release\ablrtn.obj
c:\users\richard\documents\mechcommander2hd\source\mclib\release\ablscan.obj
c:\users\richard\documents\mechcommander2hd\source\mclib\release\ablstd.obj
c:\users\richard\documents\mechcommander2hd\source\mclib\release\ablstmt.obj
c:\users\richard\documents\mechcommander2hd\source\mclib\release\ablsymt.obj
c:\users\richard\documents\mechcommander2hd\source\mclib\release\ablxexpr.obj
c:\users\richard\documents\mechcommander2hd\source\mclib\release\ablxstd.obj
c:\users\richard\documents\mechcommander2hd\source\mclib\release\ablxstmt.obj
c:\users\richard\documents\mechcommander2hd\source\mclib\release\alphapalette.obj
c:\users\richard\documents\mechcommander2hd\source\mclib\release\appear.obj
c:\users\richard\documents\mechcommander2hd\source\mclib\release\apprtype.obj
c:\users\richard\documents\mechcommander2hd\source\mclib\release\bdactor.obj
c:\users\richard\documents\mechcommander2hd\source\mclib\release\bitflag.obj
c:\users\richard\documents\mechcommander2hd\source\mclib\release\camera.obj
c:\users\richard\documents\mechcommander2hd\source\mclib\release\celement.obj
c:\users\richard\documents\mechcommander2hd\source\mclib\release\celine.obj
c:\users\richard\documents\mechcommander2hd\source\mclib\release\cellip.obj
c:\users\richard\documents\mechcommander2hd\source\mclib\release\cepane.obj
c:\users\richard\documents\mechcommander2hd\source\mclib\release\cevfx.obj
c:\users\richard\documents\mechcommander2hd\source\mclib\release\cident.obj
c:\users\richard\documents\mechcommander2hd\source\mclib\release\clouds.obj
c:\users\richard\documents\mechcommander2hd\source\mclib\release\cmponent.obj
c:\users\richard\documents\mechcommander2hd\source\mclib\release\color.obj
c:\users\richard\documents\mechcommander2hd\source\mclib\release\crater.obj
c:\users\richard\documents\mechcommander2hd\source\mclib\release\csvfile.obj
c:\users\richard\documents\mechcommander2hd\source\mclib\release\debugging.obj
c:\users\richard\documents\mechcommander2hd\source\mclib\release\echarstring.obj
c:\users\richard\documents\mechcommander2hd\source\mclib\release\err.obj
c:\users\richard\documents\mechcommander2hd\source\mclib\release\estring.obj
c:\users\richard\documents\mechcommander2hd\source\mclib\release\ewcharstring.obj
c:\users\richard\documents\mechcommander2hd\source\mclib\release\fastfile.obj
c:\users\richard\documents\mechcommander2hd\source\mclib\release\ffile.obj
c:\users\richard\documents\mechcommander2hd\source\mclib\release\file.obj
c:\users\richard\documents\mechcommander2hd\source\mclib\release\floathelp.obj
c:\users\richard\documents\mechcommander2hd\source\mclib\release\gamelog.obj
c:\users\richard\documents\mechcommander2hd\source\mclib\release\genactor.obj
c:\users\richard\documents\mechcommander2hd\source\mclib\release\gvactor.obj
c:\users\richard\documents\mechcommander2hd\source\mclib\release\heap.obj
c:\users\richard\documents\mechcommander2hd\source\mclib\release\inifile.obj
c:\users\richard\documents\mechcommander2hd\source\mclib\release\lzcomp.obj
c:\users\richard\documents\mechcommander2hd\source\mclib\release\lzdecomp.obj
c:\users\richard\documents\mechcommander2hd\source\mclib\release\mapdata.obj
c:\users\richard\documents\mechcommander2hd\source\mclib\release\mathfunc.obj
c:\users\richard\documents\mechcommander2hd\source\mclib\release\mech3d.obj
c:\users\richard\documents\mechcommander2hd\source\mclib\release\mouse.obj
c:\users\richard\documents\mechcommander2hd\source\mclib\release\move.obj
c:\users\richard\documents\mechcommander2hd\source\mclib\release\msl.obj
c:\users\richard\documents\mechcommander2hd\source\mclib\release\packet.obj
c:\users\richard\documents\mechcommander2hd\source\mclib\release\paths.obj
c:\users\richard\documents\mechcommander2hd\source\mclib\release\pqueue.obj
c:\users\richard\documents\mechcommander2hd\source\mclib\release\quad.obj
c:\users\richard\documents\mechcommander2hd\source\mclib\release\routines.obj
c:\users\richard\documents\mechcommander2hd\source\mclib\release\scale.obj
c:\users\richard\documents\mechcommander2hd\source\mclib\release\sortlist.obj
c:\users\richard\documents\mechcommander2hd\source\mclib\release\soundsys.obj
c:\users\richard\documents\mechcommander2hd\source\mclib\release\tacmap.obj
c:\users\richard\documents\mechcommander2hd\source\mclib\release\terrain.obj
c:\users\richard\documents\mechcommander2hd\source\mclib\release\terrtxm.obj
c:\users\richard\documents\mechcommander2hd\source\mclib\release\terrtxm2.obj
c:\users\richard\documents\mechcommander2hd\source\mclib\release\tgainfo.obj
c:\users\richard\documents\mechcommander2hd\source\mclib\release\tgl.obj
c:\users\richard\documents\mechcommander2hd\source\mclib\release\timing.obj
c:\users\richard\documents\mechcommander2hd\source\mclib\release\txmconv.obj
c:\users\richard\documents\mechcommander2hd\source\mclib\release\txmmgr.obj
c:\users\richard\documents\mechcommander2hd\source\mclib\release\userinput.obj
c:\users\richard\documents\mechcommander2hd\source\mclib\release\utilities.obj
c:\users\richard\documents\mechcommander2hd\source\mclib\release\vfxtile.obj
c:\users\richard\documents\mechcommander2hd\source\mclib\release\vfx_ellipse.obj
c:\users\richard\documents\mechcommander2hd\source\mclib\release\vfx_map_polygon.obj
c:\users\richard\documents\mechcommander2hd\source\mclib\release\vfx_transform.obj
c:\users\richard\documents\mechcommander2hd\source\mclib\release\vfx_translatedraw.obj
c:\users\richard\documents\mechcommander2hd\source\mclib\release\vport.obj
c:\users\richard\documents\mechcommander2hd\source\mclib\release\weaponfx.obj
c:\users\richard\documents\mechcommander2hd\source\mclib\release\microsoft.xna.arm.tli
c:\users\richard\documents\mechcommander2hd\source\mclib\release\microsoft.xna.arm.tlh
c:\users\richard\documents\mechcommander2hd\source\mclib\release\mclib.pch
c:\users\richard\documents\mechcommander2hd\source\mclib\release\vc120.pdb
c:\users\richard\documents\mechcommander2hd\source\mclib\.\release\mclib.lib
c:\users\richard\documents\mechcommander2hd\source\mclib\release\mclib.tlog\cl.command.1.tlog
c:\users\richard\documents\mechcommander2hd\source\mclib\release\mclib.tlog\cl.read.1.tlog
c:\users\richard\documents\mechcommander2hd\source\mclib\release\mclib.tlog\cl.write.1.tlog
c:\users\richard\documents\mechcommander2hd\source\mclib\release\mclib.tlog\lib-link.read.1.tlog
c:\users\richard\documents\mechcommander2hd\source\mclib\release\mclib.tlog\lib-link.write.1.tlog
c:\users\richard\documents\mechcommander2hd\source\mclib\release\mclib.tlog\lib.command.1.tlog
